#! /c/Source/iverilog-install/bin/vvp
:ivl_version "12.0 (devel)" "(s20150603-1539-g2693dd32b)";
:ivl_delay_selection "TYPICAL";
:vpi_time_precision - 12;
:vpi_module "C:\iverilog\lib\ivl\system.vpi";
:vpi_module "C:\iverilog\lib\ivl\vhdl_sys.vpi";
:vpi_module "C:\iverilog\lib\ivl\vhdl_textio.vpi";
:vpi_module "C:\iverilog\lib\ivl\v2005_math.vpi";
:vpi_module "C:\iverilog\lib\ivl\va_math.vpi";
S_00000236c9f39c20 .scope module, "tb" "tb" 2 3;
 .timescale -9 -12;
v00000236c9f767a0_0 .var "clk", 0 0;
v00000236c9f76840_0 .var "ctrl", 1 0;
v00000236c9f768e0_0 .var "i_data", 7 0;
v00000236c9f84260_0 .var "i_str", 3 0;
v00000236c9f84300_0 .net "o_num", 7 0, v00000236c9f765c0_0;  1 drivers
v00000236c9f843a0_0 .var "reset", 0 0;
S_00000236c9f52490 .scope module, "dut" "mk_SEARCH" 2 16, 3 2 0, S_00000236c9f39c20;
 .timescale -9 -12;
    .port_info 0 /INPUT 1 "CLK";
    .port_info 1 /INPUT 1 "RST_N";
    .port_info 2 /INPUT 4 "str";
    .port_info 3 /INPUT 8 "data";
    .port_info 4 /OUTPUT 8 "num_matches";
    .port_info 5 /INPUT 2 "search_control";
v00000236c9f52620_0 .net "CLK", 0 0, v00000236c9f767a0_0;  1 drivers
v00000236c9f526c0_0 .net "RST_N", 0 0, v00000236c9f843a0_0;  1 drivers
v00000236c9f52760_0 .net "data", 7 0, v00000236c9f768e0_0;  1 drivers
v00000236c9f52800_0 .var/i "i", 31 0;
v00000236c9f76520_0 .var "med", 3 0;
v00000236c9f765c0_0 .var "num_matches", 7 0;
v00000236c9f76660_0 .net "search_control", 1 0, v00000236c9f76840_0;  1 drivers
v00000236c9f76700_0 .net "str", 3 0, v00000236c9f84260_0;  1 drivers
E_00000236c9f76420/0 .event negedge, v00000236c9f526c0_0;
E_00000236c9f76420/1 .event posedge, v00000236c9f52620_0;
E_00000236c9f76420 .event/or E_00000236c9f76420/0, E_00000236c9f76420/1;
    .scope S_00000236c9f52490;
T_0 ;
    %pushi/vec4 0, 0, 32;
    %store/vec4 v00000236c9f52800_0, 0, 32;
    %end;
    .thread T_0;
    .scope S_00000236c9f52490;
T_1 ;
    %wait E_00000236c9f76420;
    %load/vec4 v00000236c9f526c0_0;
    %cmpi/e 0, 0, 1;
    %jmp/0xz  T_1.0, 4;
    %pushi/vec4 0, 0, 8;
    %store/vec4 v00000236c9f765c0_0, 0, 8;
    %pushi/vec4 0, 0, 32;
    %store/vec4 v00000236c9f52800_0, 0, 32;
    %jmp T_1.1;
T_1.0 ;
    %load/vec4 v00000236c9f526c0_0;
    %cmpi/e 1, 0, 1;
    %flag_get/vec4 4;
    %jmp/0 T_1.4, 4;
    %load/vec4 v00000236c9f76660_0;
    %pushi/vec4 1, 0, 2;
    %cmp/e;
    %flag_get/vec4 4;
    %and;
T_1.4;
    %flag_set/vec4 8;
    %jmp/0xz  T_1.2, 8;
T_1.5 ;
    %load/vec4 v00000236c9f52800_0;
    %cmpi/s 8, 0, 32;
    %flag_get/vec4 5;
    %jmp/0 T_1.7, 5;
    %load/vec4 v00000236c9f52620_0;
    %and;
T_1.7;
    %flag_set/vec4 8;
    %jmp/0xz T_1.6, 8;
    %load/vec4 v00000236c9f52760_0;
    %load/vec4 v00000236c9f52800_0;
    %addi 3, 0, 32;
    %part/s 1;
    %load/vec4 v00000236c9f52760_0;
    %load/vec4 v00000236c9f52800_0;
    %addi 2, 0, 32;
    %part/s 1;
    %concat/vec4; draw_concat_vec4
    %load/vec4 v00000236c9f52760_0;
    %load/vec4 v00000236c9f52800_0;
    %addi 1, 0, 32;
    %part/s 1;
    %concat/vec4; draw_concat_vec4
    %load/vec4 v00000236c9f52760_0;
    %load/vec4 v00000236c9f52800_0;
    %part/s 1;
    %concat/vec4; draw_concat_vec4
    %store/vec4 v00000236c9f76520_0, 0, 4;
    %load/vec4 v00000236c9f76520_0;
    %load/vec4 v00000236c9f76700_0;
    %cmp/e;
    %jmp/0xz  T_1.8, 4;
    %vpi_call 3 37 "$display", "i=%d,med=%b,str=%b,cmp=%b", v00000236c9f52800_0, v00000236c9f76520_0, v00000236c9f76700_0, v00000236c9f765c0_0 {0 0 0};
    %load/vec4 v00000236c9f765c0_0;
    %addi 1, 0, 8;
    %store/vec4 v00000236c9f765c0_0, 0, 8;
T_1.8 ;
    %load/vec4 v00000236c9f52800_0;
    %addi 1, 0, 32;
    %store/vec4 v00000236c9f52800_0, 0, 32;
    %jmp T_1.5;
T_1.6 ;
T_1.2 ;
T_1.1 ;
    %jmp T_1;
    .thread T_1;
    .scope S_00000236c9f39c20;
T_2 ;
    %pushi/vec4 0, 0, 1;
    %store/vec4 v00000236c9f767a0_0, 0, 1;
T_2.0 ;
    %delay 5000, 0;
    %load/vec4 v00000236c9f767a0_0;
    %inv;
    %store/vec4 v00000236c9f767a0_0, 0, 1;
    %jmp T_2.0;
    %end;
    .thread T_2;
    .scope S_00000236c9f39c20;
T_3 ;
    %pushi/vec4 0, 0, 1;
    %store/vec4 v00000236c9f843a0_0, 0, 1;
    %delay 10000, 0;
    %pushi/vec4 1, 0, 1;
    %store/vec4 v00000236c9f843a0_0, 0, 1;
    %pushi/vec4 0, 0, 2;
    %store/vec4 v00000236c9f76840_0, 0, 2;
    %end;
    .thread T_3;
    .scope S_00000236c9f39c20;
T_4 ;
    %vpi_call 2 33 "$dumpfile", "tb_new.vcd" {0 0 0};
    %vpi_call 2 34 "$dumpvars", 32'sb00000000000000000000000000000000, S_00000236c9f39c20 {0 0 0};
    %vpi_call 2 35 "$monitor", "time=%t,o_num=%h,i_str=%b,i_data=%b\012", $time, v00000236c9f84300_0, v00000236c9f84260_0, v00000236c9f768e0_0 {0 0 0};
    %delay 40000, 0;
    %pushi/vec4 1, 0, 2;
    %store/vec4 v00000236c9f76840_0, 0, 2;
    %pushi/vec4 1, 0, 1;
    %store/vec4 v00000236c9f843a0_0, 0, 1;
    %pushi/vec4 9, 0, 4;
    %store/vec4 v00000236c9f84260_0, 0, 4;
    %pushi/vec4 37, 0, 8;
    %store/vec4 v00000236c9f768e0_0, 0, 8;
    %delay 30000, 0;
    %pushi/vec4 0, 0, 1;
    %store/vec4 v00000236c9f843a0_0, 0, 1;
    %pushi/vec4 0, 0, 2;
    %store/vec4 v00000236c9f76840_0, 0, 2;
    %delay 40000, 0;
    %pushi/vec4 1, 0, 2;
    %store/vec4 v00000236c9f76840_0, 0, 2;
    %pushi/vec4 1, 0, 1;
    %store/vec4 v00000236c9f843a0_0, 0, 1;
    %pushi/vec4 8, 0, 4;
    %store/vec4 v00000236c9f84260_0, 0, 4;
    %pushi/vec4 136, 0, 8;
    %store/vec4 v00000236c9f768e0_0, 0, 8;
    %delay 200000, 0;
    %vpi_call 2 40 "$display", "time=%t,i_data=%h,o_num=%h\012", $time, v00000236c9f768e0_0, v00000236c9f84300_0 {0 0 0};
    %vpi_call 2 41 "$finish" {0 0 0};
    %end;
    .thread T_4;
# The file index is used to find the file name in the following table.
:file_names 4;
    "N/A";
    "<interactive>";
    "tb.v";
    "mk_SEARCH.v";
